2021-05-02 01:23:53.716  INFO 13268 --- [restartedMain] com.nmsl.BlogApplication                 : Starting BlogApplication on Paracosm with PID 13268 (C:\Users\123\IdeaProjects\Myblog\target\classes started by 123 in C:\Users\123\IdeaProjects\Myblog)
2021-05-02 01:23:53.726 DEBUG 13268 --- [restartedMain] com.nmsl.BlogApplication                 : Running with Spring Boot v2.3.7.RELEASE, Spring v5.2.12.RELEASE
2021-05-02 01:23:53.726  INFO 13268 --- [restartedMain] com.nmsl.BlogApplication                 : The following profiles are active: pro
2021-05-02 01:24:05.757  WARN 13268 --- [restartedMain] JpaBaseConfiguration$JpaWebConfiguration : spring.jpa.open-in-view is enabled by default. Therefore, database queries may be performed during view rendering. Explicitly configure spring.jpa.open-in-view to disable this warning
2021-05-02 01:24:06.121  INFO 13268 --- [restartedMain] com.nmsl.config.QuartzConfig             : jobDetail 初始化成功！
2021-05-02 01:24:06.131  INFO 13268 --- [restartedMain] com.nmsl.config.QuartzConfig             : jobTrigger 初始化成功！
2021-05-02 01:24:06.158  INFO 13268 --- [restartedMain] com.nmsl.config.QuartzConfig             : scheduler 初始化成功！
2021-05-02 01:24:07.712  INFO 13268 --- [restartedMain] com.nmsl.BlogApplication                 : Started BlogApplication in 14.86 seconds (JVM running for 16.498)
2021-05-02 01:24:40.717  INFO 13268 --- [http-nio-80-exec-1] com.nmsl.aspect.LogAspect                : Request : LogAspect.RequestLog(url=http://localhost/, ip=0:0:0:0:0:0:0:1, addr=内网IP, classMethod=com.nmsl.controller.IndexController.index, args=[Page request [number: 0, size 10, sort: updateTime: DESC], {}])
2021-05-02 01:24:42.507  INFO 13268 --- [http-nio-80-exec-1] com.nmsl.aspect.LogAspect                : =====缓存ip和url,30分钟后销毁=====
2021-05-02 01:24:44.476  INFO 13268 --- [http-nio-80-exec-2] com.nmsl.aspect.LogAspect                : Request : LogAspect.RequestLog(url=http://localhost/, ip=0:0:0:0:0:0:0:1, addr=内网IP, classMethod=com.nmsl.controller.IndexController.index, args=[Page request [number: 0, size 10, sort: updateTime: DESC], {}])
2021-05-02 01:24:54.710  WARN 13268 --- [http-nio-80-exec-1] org.hibernate.orm.deprecation            : HHH90000016: Found use of deprecated 'collection property' syntax in HQL/JPQL query [t.blogs.size]; use collection function syntax instead [size(t.blogs)].
2021-05-02 01:24:54.775  WARN 13268 --- [http-nio-80-exec-1] org.hibernate.orm.deprecation            : HHH90000016: Found use of deprecated 'collection property' syntax in HQL/JPQL query [t.blogs.size]; use collection function syntax instead [size(t.blogs)].
2021-05-02 01:25:07.187 ERROR 13268 --- [http-nio-80-exec-1] c.alibaba.druid.filter.stat.StatFilter   : slow sql 2462 millis. select blogs0_.tags_id as tags_id2_3_0_, blogs0_.blogs_id as blogs_id1_3_0_, blog1_.id as id1_2_1_, blog1_.appreciation as apprecia2_2_1_, blog1_.commentabled as commenta3_2_1_, blog1_.content as content4_2_1_, blog1_.create_time as create_t5_2_1_, blog1_.description as descript6_2_1_, blog1_.first_picture as first_pi7_2_1_, blog1_.flag as flag8_2_1_, blog1_.published as publishe9_2_1_, blog1_.recommend as recomme10_2_1_, blog1_.share_statement as share_s11_2_1_, blog1_.title as title12_2_1_, blog1_.type_id as type_id15_2_1_, blog1_.update_time as update_13_2_1_, blog1_.user_id as user_id16_2_1_, blog1_.views as views14_2_1_, type2_.id as id1_6_2_, type2_.name as name2_6_2_, user3_.id as id1_7_3_, user3_.avatar as avatar2_7_3_, user3_.create_time as create_t3_7_3_, user3_.email as email4_7_3_, user3_.nickname as nickname5_7_3_, user3_.password as password6_7_3_, user3_.type as type7_7_3_, user3_.update_time as update_t8_7_3_, user3_.username as username9_7_3_ from t_blog_tags blogs0_ inner join t_blog blog1_ on blogs0_.blogs_id=blog1_.id left outer join t_type type2_ on blog1_.type_id=type2_.id left outer join t_user user3_ on blog1_.user_id=user3_.id where blogs0_.tags_id=?[14]
2021-05-02 01:25:07.750 ERROR 13268 --- [http-nio-80-exec-2] c.alibaba.druid.filter.stat.StatFilter   : slow sql 4109 millis. select blogs0_.tags_id as tags_id2_3_0_, blogs0_.blogs_id as blogs_id1_3_0_, blog1_.id as id1_2_1_, blog1_.appreciation as apprecia2_2_1_, blog1_.commentabled as commenta3_2_1_, blog1_.content as content4_2_1_, blog1_.create_time as create_t5_2_1_, blog1_.description as descript6_2_1_, blog1_.first_picture as first_pi7_2_1_, blog1_.flag as flag8_2_1_, blog1_.published as publishe9_2_1_, blog1_.recommend as recomme10_2_1_, blog1_.share_statement as share_s11_2_1_, blog1_.title as title12_2_1_, blog1_.type_id as type_id15_2_1_, blog1_.update_time as update_13_2_1_, blog1_.user_id as user_id16_2_1_, blog1_.views as views14_2_1_, type2_.id as id1_6_2_, type2_.name as name2_6_2_, user3_.id as id1_7_3_, user3_.avatar as avatar2_7_3_, user3_.create_time as create_t3_7_3_, user3_.email as email4_7_3_, user3_.nickname as nickname5_7_3_, user3_.password as password6_7_3_, user3_.type as type7_7_3_, user3_.update_time as update_t8_7_3_, user3_.username as username9_7_3_ from t_blog_tags blogs0_ inner join t_blog blog1_ on blogs0_.blogs_id=blog1_.id left outer join t_type type2_ on blog1_.type_id=type2_.id left outer join t_user user3_ on blog1_.user_id=user3_.id where blogs0_.tags_id=?[3]
2021-05-02 01:25:19.921  INFO 13268 --- [http-nio-80-exec-2] com.nmsl.aspect.LogAspect                : Request : LogAspect.RequestLog(url=http://localhost/types/-1, ip=0:0:0:0:0:0:0:1, addr=内网IP, classMethod=com.nmsl.controller.TypesController.types, args=[Page request [number: 0, size 10, sort: updateTime: DESC], -1, {}])
2021-05-02 01:25:20.332  INFO 13268 --- [http-nio-80-exec-2] com.nmsl.aspect.LogAspect                : =====缓存ip和url,30分钟后销毁=====
2021-05-02 01:25:38.537  INFO 13268 --- [http-nio-80-exec-7] com.nmsl.aspect.LogAspect                : Request : LogAspect.RequestLog(url=http://localhost/, ip=0:0:0:0:0:0:0:1, addr=内网IP, classMethod=com.nmsl.controller.IndexController.index, args=[Page request [number: 0, size 10, sort: updateTime: DESC], {}])
2021-05-02 01:25:54.577 ERROR 13268 --- [http-nio-80-exec-7] c.alibaba.druid.filter.stat.StatFilter   : slow sql 3854 millis. select blogs0_.tags_id as tags_id2_3_0_, blogs0_.blogs_id as blogs_id1_3_0_, blog1_.id as id1_2_1_, blog1_.appreciation as apprecia2_2_1_, blog1_.commentabled as commenta3_2_1_, blog1_.content as content4_2_1_, blog1_.create_time as create_t5_2_1_, blog1_.description as descript6_2_1_, blog1_.first_picture as first_pi7_2_1_, blog1_.flag as flag8_2_1_, blog1_.published as publishe9_2_1_, blog1_.recommend as recomme10_2_1_, blog1_.share_statement as share_s11_2_1_, blog1_.title as title12_2_1_, blog1_.type_id as type_id15_2_1_, blog1_.update_time as update_13_2_1_, blog1_.user_id as user_id16_2_1_, blog1_.views as views14_2_1_, type2_.id as id1_6_2_, type2_.name as name2_6_2_, user3_.id as id1_7_3_, user3_.avatar as avatar2_7_3_, user3_.create_time as create_t3_7_3_, user3_.email as email4_7_3_, user3_.nickname as nickname5_7_3_, user3_.password as password6_7_3_, user3_.type as type7_7_3_, user3_.update_time as update_t8_7_3_, user3_.username as username9_7_3_ from t_blog_tags blogs0_ inner join t_blog blog1_ on blogs0_.blogs_id=blog1_.id left outer join t_type type2_ on blog1_.type_id=type2_.id left outer join t_user user3_ on blog1_.user_id=user3_.id where blogs0_.tags_id=?[3]
2021-05-02 01:26:04.360  INFO 13268 --- [http-nio-80-exec-7] com.nmsl.aspect.LogAspect                : Request : LogAspect.RequestLog(url=http://localhost/about, ip=0:0:0:0:0:0:0:1, addr=内网IP, classMethod=com.nmsl.controller.AboutController.about, args=[{}])
2021-05-02 01:26:04.754  INFO 13268 --- [http-nio-80-exec-7] com.nmsl.aspect.LogAspect                : =====缓存ip和url,30分钟后销毁=====
2021-05-02 11:54:36.088  INFO 19140 --- [restartedMain] com.nmsl.BlogApplication                 : Starting BlogApplication on Paracosm with PID 19140 (C:\Users\123\IdeaProjects\Myblog\target\classes started by 123 in C:\Users\123\IdeaProjects\Myblog)
2021-05-02 11:54:36.092 DEBUG 19140 --- [restartedMain] com.nmsl.BlogApplication                 : Running with Spring Boot v2.3.7.RELEASE, Spring v5.2.12.RELEASE
2021-05-02 11:54:36.093  INFO 19140 --- [restartedMain] com.nmsl.BlogApplication                 : The following profiles are active: pro
2021-05-02 11:54:46.778  WARN 19140 --- [restartedMain] JpaBaseConfiguration$JpaWebConfiguration : spring.jpa.open-in-view is enabled by default. Therefore, database queries may be performed during view rendering. Explicitly configure spring.jpa.open-in-view to disable this warning
2021-05-02 11:54:47.088  INFO 19140 --- [restartedMain] com.nmsl.config.QuartzConfig             : jobDetail 初始化成功！
2021-05-02 11:54:47.097  INFO 19140 --- [restartedMain] com.nmsl.config.QuartzConfig             : jobTrigger 初始化成功！
2021-05-02 11:54:47.123  INFO 19140 --- [restartedMain] com.nmsl.config.QuartzConfig             : scheduler 初始化成功！
2021-05-02 11:54:48.592  INFO 19140 --- [restartedMain] com.nmsl.BlogApplication                 : Started BlogApplication in 13.383 seconds (JVM running for 16.234)
2021-05-02 12:01:21.043  INFO 24324 --- [restartedMain] com.nmsl.BlogApplication                 : Starting BlogApplication on Paracosm with PID 24324 (C:\Users\123\IdeaProjects\Myblog\target\classes started by 123 in C:\Users\123\IdeaProjects\Myblog)
2021-05-02 12:01:21.047 DEBUG 24324 --- [restartedMain] com.nmsl.BlogApplication                 : Running with Spring Boot v2.3.7.RELEASE, Spring v5.2.12.RELEASE
2021-05-02 12:01:21.048  INFO 24324 --- [restartedMain] com.nmsl.BlogApplication                 : The following profiles are active: pro
2021-05-02 12:01:31.293  WARN 24324 --- [restartedMain] JpaBaseConfiguration$JpaWebConfiguration : spring.jpa.open-in-view is enabled by default. Therefore, database queries may be performed during view rendering. Explicitly configure spring.jpa.open-in-view to disable this warning
2021-05-02 12:01:31.626  INFO 24324 --- [restartedMain] com.nmsl.config.QuartzConfig             : jobDetail 初始化成功！
2021-05-02 12:01:31.636  INFO 24324 --- [restartedMain] com.nmsl.config.QuartzConfig             : jobTrigger 初始化成功！
2021-05-02 12:01:31.663  INFO 24324 --- [restartedMain] com.nmsl.config.QuartzConfig             : scheduler 初始化成功！
2021-05-02 12:01:33.211  INFO 24324 --- [restartedMain] com.nmsl.BlogApplication                 : Started BlogApplication in 12.854 seconds (JVM running for 14.328)
2021-05-02 12:01:34.605  INFO 24324 --- [http-nio-80-exec-1] com.nmsl.aspect.LogAspect                : Request : LogAspect.RequestLog(url=http://localhost/, ip=0:0:0:0:0:0:0:1, addr=内网IP, classMethod=com.nmsl.controller.IndexController.index, args=[Page request [number: 0, size 10, sort: updateTime: DESC], {}])
2021-05-02 12:01:36.031  INFO 24324 --- [http-nio-80-exec-1] com.nmsl.aspect.LogAspect                : =====将ip或url存入缓存,30分钟后销毁=====
2021-05-02 12:01:38.420  INFO 24324 --- [http-nio-80-exec-2] com.nmsl.aspect.LogAspect                : Request : LogAspect.RequestLog(url=http://localhost/, ip=0:0:0:0:0:0:0:1, addr=内网IP, classMethod=com.nmsl.controller.IndexController.index, args=[Page request [number: 0, size 10, sort: updateTime: DESC], {}])
2021-05-02 12:01:40.508  WARN 24324 --- [http-nio-80-exec-1] org.hibernate.orm.deprecation            : HHH90000016: Found use of deprecated 'collection property' syntax in HQL/JPQL query [t.blogs.size]; use collection function syntax instead [size(t.blogs)].
2021-05-02 12:01:40.563  WARN 24324 --- [http-nio-80-exec-1] org.hibernate.orm.deprecation            : HHH90000016: Found use of deprecated 'collection property' syntax in HQL/JPQL query [t.blogs.size]; use collection function syntax instead [size(t.blogs)].
2021-05-02 12:01:52.008  INFO 24324 --- [http-nio-80-exec-2] com.nmsl.aspect.LogAspect                : Request : LogAspect.RequestLog(url=http://localhost/about, ip=0:0:0:0:0:0:0:1, addr=内网IP, classMethod=com.nmsl.controller.AboutController.about, args=[{}])
2021-05-02 12:01:52.402  INFO 24324 --- [http-nio-80-exec-2] com.nmsl.aspect.LogAspect                : =====将ip或url存入缓存,30分钟后销毁=====
2021-05-02 12:02:03.013 ERROR 24324 --- [http-nio-80-exec-9] c.n.handler.ControllerExceptionHandler   : Request URL : /admin/login, Exception : null
2021-05-02 12:02:03.014  WARN 24324 --- [http-nio-80-exec-9] .m.m.a.ExceptionHandlerExceptionResolver : Resolved [java.lang.NullPointerException]
2021-05-02 12:02:19.678 ERROR 24324 --- [http-nio-80-exec-1] c.n.handler.ControllerExceptionHandler   : Request URL : /admin/login, Exception : Request method 'GET' not supported
2021-05-02 12:02:19.679  WARN 24324 --- [http-nio-80-exec-1] .m.m.a.ExceptionHandlerExceptionResolver : Resolved [org.springframework.web.HttpRequestMethodNotSupportedException: Request method 'GET' not supported]
2021-05-02 12:05:28.828 ERROR 24324 --- [http-nio-80-exec-7] c.n.handler.ControllerExceptionHandler   : Request URL : /admin/login, Exception : Request method 'GET' not supported
2021-05-02 12:05:28.829  WARN 24324 --- [http-nio-80-exec-7] .m.m.a.ExceptionHandlerExceptionResolver : Resolved [org.springframework.web.HttpRequestMethodNotSupportedException: Request method 'GET' not supported]
2021-05-02 12:06:48.998  WARN 24324 --- [http-nio-80-exec-8] c.a.druid.pool.DruidAbstractDataSource   : discard long time none received connection. , jdbcUrl : jdbc:mysql://8.131.48.182:3306/blog?useUnicode=true&characterEncoding=utf8&serverTimezone=Asia/Shanghai, version : 1.2.4, lastPacketReceivedIdleMillis : 285880
2021-05-02 12:06:49.041  WARN 24324 --- [http-nio-80-exec-8] c.a.druid.pool.DruidAbstractDataSource   : discard long time none received connection. , jdbcUrl : jdbc:mysql://8.131.48.182:3306/blog?useUnicode=true&characterEncoding=utf8&serverTimezone=Asia/Shanghai, version : 1.2.4, lastPacketReceivedIdleMillis : 303033
2021-05-02 12:06:49.091  WARN 24324 --- [http-nio-80-exec-8] c.a.druid.pool.DruidAbstractDataSource   : discard long time none received connection. , jdbcUrl : jdbc:mysql://8.131.48.182:3306/blog?useUnicode=true&characterEncoding=utf8&serverTimezone=Asia/Shanghai, version : 1.2.4, lastPacketReceivedIdleMillis : 322687
2021-05-02 12:06:49.145  WARN 24324 --- [http-nio-80-exec-8] c.a.druid.pool.DruidAbstractDataSource   : discard long time none received connection. , jdbcUrl : jdbc:mysql://8.131.48.182:3306/blog?useUnicode=true&characterEncoding=utf8&serverTimezone=Asia/Shanghai, version : 1.2.4, lastPacketReceivedIdleMillis : 323283
2021-05-02 12:06:49.189  WARN 24324 --- [http-nio-80-exec-8] c.a.druid.pool.DruidAbstractDataSource   : discard long time none received connection. , jdbcUrl : jdbc:mysql://8.131.48.182:3306/blog?useUnicode=true&characterEncoding=utf8&serverTimezone=Asia/Shanghai, version : 1.2.4, lastPacketReceivedIdleMillis : 323865
2021-05-02 12:07:08.598 ERROR 24324 --- [http-nio-80-exec-8] c.n.handler.ControllerExceptionHandler   : Request URL : /admin/login, Exception : null
2021-05-02 12:07:08.600  WARN 24324 --- [http-nio-80-exec-8] .m.m.a.ExceptionHandlerExceptionResolver : Resolved [java.lang.NullPointerException]
2021-05-02 12:07:40.680 ERROR 24324 --- [http-nio-80-exec-8] c.n.handler.ControllerExceptionHandler   : Request URL : /admin/login, Exception : null
2021-05-02 12:07:40.680  WARN 24324 --- [http-nio-80-exec-8] .m.m.a.ExceptionHandlerExceptionResolver : Resolved [java.lang.NullPointerException]
2021-05-02 12:09:03.791  WARN 24324 --- [http-nio-80-exec-2] c.a.druid.pool.DruidAbstractDataSource   : discard long time none received connection. , jdbcUrl : jdbc:mysql://8.131.48.182:3306/blog?useUnicode=true&characterEncoding=utf8&serverTimezone=Asia/Shanghai, version : 1.2.4, lastPacketReceivedIdleMillis : 83111
2021-05-02 12:09:04.363 ERROR 24324 --- [http-nio-80-exec-2] c.n.handler.ControllerExceptionHandler   : Request URL : /admin/login, Exception : null
2021-05-02 12:09:04.364  WARN 24324 --- [http-nio-80-exec-2] .m.m.a.ExceptionHandlerExceptionResolver : Resolved [java.lang.NullPointerException]
2021-05-02 12:09:34.364 ERROR 24324 --- [http-nio-80-exec-5] c.n.handler.ControllerExceptionHandler   : Request URL : /admin/login, Exception : null
2021-05-02 12:09:34.364  WARN 24324 --- [http-nio-80-exec-5] .m.m.a.ExceptionHandlerExceptionResolver : Resolved [java.lang.NullPointerException]
2021-05-02 12:10:39.825  INFO 8708 --- [restartedMain] com.nmsl.BlogApplication                 : Starting BlogApplication on Paracosm with PID 8708 (C:\Users\123\IdeaProjects\Myblog\target\classes started by 123 in C:\Users\123\IdeaProjects\Myblog)
2021-05-02 12:10:39.829 DEBUG 8708 --- [restartedMain] com.nmsl.BlogApplication                 : Running with Spring Boot v2.3.7.RELEASE, Spring v5.2.12.RELEASE
2021-05-02 12:10:39.829  INFO 8708 --- [restartedMain] com.nmsl.BlogApplication                 : The following profiles are active: pro
2021-05-02 12:10:50.049  WARN 8708 --- [restartedMain] JpaBaseConfiguration$JpaWebConfiguration : spring.jpa.open-in-view is enabled by default. Therefore, database queries may be performed during view rendering. Explicitly configure spring.jpa.open-in-view to disable this warning
2021-05-02 12:10:50.332  INFO 8708 --- [restartedMain] com.nmsl.config.QuartzConfig             : jobDetail 初始化成功！
2021-05-02 12:10:50.341  INFO 8708 --- [restartedMain] com.nmsl.config.QuartzConfig             : jobTrigger 初始化成功！
2021-05-02 12:10:50.368  INFO 8708 --- [restartedMain] com.nmsl.config.QuartzConfig             : scheduler 初始化成功！
2021-05-02 12:10:51.878  INFO 8708 --- [restartedMain] com.nmsl.BlogApplication                 : Started BlogApplication in 12.792 seconds (JVM running for 14.154)
2021-05-02 12:10:54.996  INFO 8708 --- [restartedMain] com.nmsl.BlogApplication                 : Starting BlogApplication on Paracosm with PID 8708 (C:\Users\123\IdeaProjects\Myblog\target\classes started by 123 in C:\Users\123\IdeaProjects\Myblog)
2021-05-02 12:10:54.997 DEBUG 8708 --- [restartedMain] com.nmsl.BlogApplication                 : Running with Spring Boot v2.3.7.RELEASE, Spring v5.2.12.RELEASE
2021-05-02 12:10:54.997  INFO 8708 --- [restartedMain] com.nmsl.BlogApplication                 : The following profiles are active: pro
2021-05-02 12:11:00.099  WARN 8708 --- [restartedMain] JpaBaseConfiguration$JpaWebConfiguration : spring.jpa.open-in-view is enabled by default. Therefore, database queries may be performed during view rendering. Explicitly configure spring.jpa.open-in-view to disable this warning
2021-05-02 12:11:00.315  INFO 8708 --- [restartedMain] com.nmsl.config.QuartzConfig             : jobDetail 初始化成功！
2021-05-02 12:11:00.324  INFO 8708 --- [restartedMain] com.nmsl.config.QuartzConfig             : jobTrigger 初始化成功！
2021-05-02 12:11:00.341  INFO 8708 --- [restartedMain] com.nmsl.config.QuartzConfig             : scheduler 初始化成功！
2021-05-02 12:11:01.179  INFO 8708 --- [restartedMain] com.nmsl.BlogApplication                 : Started BlogApplication in 6.252 seconds (JVM running for 23.455)
2021-05-02 12:11:27.095  INFO 8708 --- [http-nio-80-exec-10] com.nmsl.aspect.LogAspect                : Request : LogAspect.RequestLog(url=http://localhost/, ip=0:0:0:0:0:0:0:1, addr=内网IP, classMethod=com.nmsl.controller.IndexController.index, args=[Page request [number: 0, size 10, sort: updateTime: DESC], {}])
2021-05-02 12:11:32.548  WARN 8708 --- [http-nio-80-exec-10] org.hibernate.orm.deprecation            : HHH90000016: Found use of deprecated 'collection property' syntax in HQL/JPQL query [t.blogs.size]; use collection function syntax instead [size(t.blogs)].
2021-05-02 12:11:32.621  WARN 8708 --- [http-nio-80-exec-10] org.hibernate.orm.deprecation            : HHH90000016: Found use of deprecated 'collection property' syntax in HQL/JPQL query [t.blogs.size]; use collection function syntax instead [size(t.blogs)].
2021-05-02 12:11:39.400  INFO 8708 --- [http-nio-80-exec-7] com.nmsl.aspect.LogAspect                : Request : LogAspect.RequestLog(url=http://localhost/about, ip=0:0:0:0:0:0:0:1, addr=内网IP, classMethod=com.nmsl.controller.AboutController.about, args=[{}])
2021-05-02 12:14:22.401  INFO 19576 --- [restartedMain] com.nmsl.BlogApplication                 : Starting BlogApplication on Paracosm with PID 19576 (C:\Users\123\IdeaProjects\Myblog\target\classes started by 123 in C:\Users\123\IdeaProjects\Myblog)
2021-05-02 12:14:22.405 DEBUG 19576 --- [restartedMain] com.nmsl.BlogApplication                 : Running with Spring Boot v2.3.7.RELEASE, Spring v5.2.12.RELEASE
2021-05-02 12:14:22.405  INFO 19576 --- [restartedMain] com.nmsl.BlogApplication                 : The following profiles are active: pro
2021-05-02 12:14:32.286  WARN 19576 --- [restartedMain] JpaBaseConfiguration$JpaWebConfiguration : spring.jpa.open-in-view is enabled by default. Therefore, database queries may be performed during view rendering. Explicitly configure spring.jpa.open-in-view to disable this warning
2021-05-02 12:14:32.583  INFO 19576 --- [restartedMain] com.nmsl.config.QuartzConfig             : jobDetail 初始化成功！
2021-05-02 12:14:32.594  INFO 19576 --- [restartedMain] com.nmsl.config.QuartzConfig             : jobTrigger 初始化成功！
2021-05-02 12:14:32.624  INFO 19576 --- [restartedMain] com.nmsl.config.QuartzConfig             : scheduler 初始化成功！
2021-05-02 12:14:34.264  INFO 19576 --- [restartedMain] com.nmsl.BlogApplication                 : Started BlogApplication in 12.509 seconds (JVM running for 13.866)
